<?xml version="1.0" encoding="UTF-8"?>
<testsuite name="MapTest" tests="1" skipped="0" failures="0" errors="0" timestamp="2022-11-25T23:01:32" hostname="LAPTOP-9VENV1GU" time="1.816">
  <properties/>
  <testcase name="testplayermovement()" classname="MapTest" time="1.816"/>
  <system-out><![CDATA[]]></system-out>
  <system-err><![CDATA[]]></system-err>
</testsuite>
