<?xml version="1.0" encoding="UTF-8"?>
<testsuite name="PositionTest" tests="1" skipped="0" failures="0" errors="0" timestamp="2022-11-25T23:14:00" hostname="ASUS-TPM" time="0.002">
  <properties/>
  <testcase name="equals()" classname="PositionTest" time="0.002"/>
  <system-out><![CDATA[]]></system-out>
  <system-err><![CDATA[]]></system-err>
</testsuite>
